Using pre-set license
Built from '2020.3/release' branch; Version is '2020.3.7f1 (dd97f2c94397) revision 14522354'; Using compiler version '192528614'; Build Type 'Release'
OS: 'Windows 10 Home; OS build 22621.4037; Version 2009; 64bit' Language: 'en' Physical Memory: 7901 MB
BatchMode: 1, IsHumanControllingUs: 0, StartBugReporterOnCrash: 0, Is64bit: 1, IsPro: 0

 COMMAND LINE ARGUMENTS:
C:\Program Files\Unity\Hub\Editor\2020.3.7f1\Editor\Unity.exe
-adb2
-batchMode
-noUpm
-name
AssetImportWorker0
-projectPath
C:/programming/github/Learining_Unity/Junior-Programmer-Starter-Files
-logFile
Logs/AssetImportWorker0.log
-srvPort
52553
Successfully changed project path to: C:/programming/github/Learining_Unity/Junior-Programmer-Starter-Files
C:/programming/github/Learining_Unity/Junior-Programmer-Starter-Files
Using Asset Import Pipeline V2.
Refreshing native plugins compatible for Editor in 47.81 ms, found 0 plugins.
Preloading 0 native plugins for Editor in 0.00 ms.
Initialize engine version: 2020.3.7f1 (dd97f2c94397)
[Subsystems] Discovering subsystems at path C:/Program Files/Unity/Hub/Editor/2020.3.7f1/Editor/Data/Resources/UnitySubsystems
[Subsystems] Discovering subsystems at path C:/programming/github/Learining_Unity/Junior-Programmer-Starter-Files/Assets
GfxDevice: creating device client; threaded=0
Direct3D:
    Version:  Direct3D 11.0 [level 11.1]
    Renderer: Intel(R) Iris(R) Plus Graphics (ID=0x8a52)
    Vendor:   
    VRAM:     3950 MB
    Driver:   30.0.100.9836
Shader 'Universal Render Pipeline/Particles/Lit': fallback shader 'Universal Render Pipeline/Particles/SimpleLit' not found
Initialize mono
Mono path[0] = 'C:/Program Files/Unity/Hub/Editor/2020.3.7f1/Editor/Data/Managed'
Mono path[1] = 'C:/Program Files/Unity/Hub/Editor/2020.3.7f1/Editor/Data/MonoBleedingEdge/lib/mono/unityjit'
Mono config path = 'C:/Program Files/Unity/Hub/Editor/2020.3.7f1/Editor/Data/MonoBleedingEdge/etc'
Using monoOptions --debugger-agent=transport=dt_socket,embedding=1,server=y,suspend=n,address=127.0.0.1:56532
Begin MonoManager ReloadAssembly
Registering precompiled unity dll's ...
Register platform support module: C:/Program Files/Unity/Hub/Editor/2020.3.7f1/Editor/Data/PlaybackEngines/WindowsStandaloneSupport/UnityEditor.WindowsStandalone.Extensions.dll
Registered in 0.005937 seconds.
Native extension for WindowsStandalone target not found
Refreshing native plugins compatible for Editor in 109.96 ms, found 0 plugins.
Preloading 0 native plugins for Editor in 0.00 ms.
Mono: successfully reloaded assembly
- Completed reload, in  3.987 seconds
Platform modules already initialized, skipping
Registering precompiled user dll's ...
Registered in 0.005836 seconds.
Begin MonoManager ReloadAssembly
Native extension for WindowsStandalone target not found
Refreshing native plugins compatible for Editor in 59.40 ms, found 0 plugins.
Preloading 0 native plugins for Editor in 0.00 ms.
Mono: successfully reloaded assembly
- Completed reload, in  2.188 seconds
Platform modules already initialized, skipping
========================================================================
Worker process is ready to serve import requests
Shader 'Universal Render Pipeline/Particles/Lit': fallback shader 'Universal Render Pipeline/Particles/SimpleLit' not found
Launched and connected shader compiler UnityShaderCompiler.exe after 0.12 seconds
Refreshing native plugins compatible for Editor in 0.35 ms, found 0 plugins.
Preloading 0 native plugins for Editor in 0.00 ms.
Unloading 2468 Unused Serialized files (Serialized files now loaded: 0)
System memory in use before: 115.7 MB.
System memory in use after: 115.9 MB.

Unloading 10 unused Assets to reduce memory usage. Loaded Objects now: 2914.
Total: 2.732500 ms (FindLiveObjects: 0.404500 ms CreateObjectMapping: 0.155300 ms MarkObjects: 2.088300 ms  DeleteObjects: 0.082700 ms)

========================================================================
Received Import Request.
  path: Assets/Scripts/UserControl.cs
  artifactKey: Guid(199e5487dc20dbe4b906a0f91f07d50e) Importer(815301076,1909f56bfc062723c751e8b465ee728b)
Start importing Assets/Scripts/UserControl.cs using Guid(199e5487dc20dbe4b906a0f91f07d50e) Importer(815301076,1909f56bfc062723c751e8b465ee728b)  -> (artifact id: '836a10825e0bbd4153fcb0aea7c231cb') in 0.120826 seconds
  Import took 0.125527 seconds .

========================================================================
Received Import Request.
  Time since last request: 0.000529 seconds.
  path: Assets/Prefabs
  artifactKey: Guid(5e51109e1538d6446bd9c30e2fa55202) Importer(815301076,1909f56bfc062723c751e8b465ee728b)
Start importing Assets/Prefabs using Guid(5e51109e1538d6446bd9c30e2fa55202) Importer(815301076,1909f56bfc062723c751e8b465ee728b)  -> (artifact id: '257d1ec63590646ee913b57963d2d87c') in 0.015687 seconds
  Import took 0.021511 seconds .

========================================================================
Received Import Request.
  Time since last request: 7.501731 seconds.
  path: Assets/Prefabs/ProductivityUnit.prefab
  artifactKey: Guid(16dd4f9b087d73f4096a0216d9dab6ab) Importer(815301076,1909f56bfc062723c751e8b465ee728b)
Start importing Assets/Prefabs/ProductivityUnit.prefab using Guid(16dd4f9b087d73f4096a0216d9dab6ab) Importer(815301076,1909f56bfc062723c751e8b465ee728b)  -> (artifact id: '8f9d9e33ce76af6f2b4322c66d2ae827') in 0.322056 seconds
  Import took 0.326941 seconds .

========================================================================
Received Import Request.
  Time since last request: 24.812088 seconds.
  path: Assets/Scripts/ProductivityUnit.cs
  artifactKey: Guid(1bed54bcfde94a44bb22e247763a6603) Importer(815301076,1909f56bfc062723c751e8b465ee728b)
Start importing Assets/Scripts/ProductivityUnit.cs using Guid(1bed54bcfde94a44bb22e247763a6603) Importer(815301076,1909f56bfc062723c751e8b465ee728b)  -> (artifact id: 'dae11c7ef208dd0072b53e45e5b9fa4b') in 0.011136 seconds
  Import took 0.018995 seconds .

========================================================================
Received Prepare
Registering precompiled user dll's ...
Registered in 0.003368 seconds.
Begin MonoManager ReloadAssembly
Native extension for WindowsStandalone target not found
Refreshing native plugins compatible for Editor in 0.39 ms, found 0 plugins.
Preloading 0 native plugins for Editor in 0.00 ms.
Mono: successfully reloaded assembly
- Completed reload, in  2.014 seconds
Platform modules already initialized, skipping
Shader 'Universal Render Pipeline/Particles/Lit': fallback shader 'Universal Render Pipeline/Particles/SimpleLit' not found
Refreshing native plugins compatible for Editor in 0.35 ms, found 0 plugins.
Preloading 0 native plugins for Editor in 0.00 ms.
Unloading 2360 Unused Serialized files (Serialized files now loaded: 0)
System memory in use before: 127.7 MB.
System memory in use after: 127.9 MB.

Unloading 5 unused Assets to reduce memory usage. Loaded Objects now: 2969.
Total: 4.685500 ms (FindLiveObjects: 0.214400 ms CreateObjectMapping: 0.083300 ms MarkObjects: 4.367100 ms  DeleteObjects: 0.019500 ms)

========================================================================
Received Prepare
Registering precompiled user dll's ...
Registered in 0.010986 seconds.
Begin MonoManager ReloadAssembly
Native extension for WindowsStandalone target not found
Refreshing native plugins compatible for Editor in 0.47 ms, found 0 plugins.
Preloading 0 native plugins for Editor in 0.00 ms.
Mono: successfully reloaded assembly
- Completed reload, in  2.001 seconds
Platform modules already initialized, skipping
Shader 'Universal Render Pipeline/Particles/Lit': fallback shader 'Universal Render Pipeline/Particles/SimpleLit' not found
Refreshing native plugins compatible for Editor in 0.38 ms, found 0 plugins.
Preloading 0 native plugins for Editor in 0.00 ms.
Unloading 2360 Unused Serialized files (Serialized files now loaded: 0)
System memory in use before: 127.8 MB.
System memory in use after: 128.0 MB.

Unloading 5 unused Assets to reduce memory usage. Loaded Objects now: 2972.
Total: 2.181000 ms (FindLiveObjects: 0.258600 ms CreateObjectMapping: 0.106200 ms MarkObjects: 1.789200 ms  DeleteObjects: 0.024700 ms)

========================================================================
Received Import Request.
  Time since last request: 131.758889 seconds.
  path: Assets/Scripts/ProductivityUnit.cs
  artifactKey: Guid(1bed54bcfde94a44bb22e247763a6603) Importer(815301076,1909f56bfc062723c751e8b465ee728b)
Start importing Assets/Scripts/ProductivityUnit.cs using Guid(1bed54bcfde94a44bb22e247763a6603) Importer(815301076,1909f56bfc062723c751e8b465ee728b)  -> (artifact id: 'f3b593e3725f62ca6d599d4abb6ed349') in 0.010958 seconds
  Import took 0.016578 seconds .

========================================================================
Received Prepare
Registering precompiled user dll's ...
Registered in 0.005830 seconds.
Begin MonoManager ReloadAssembly
Native extension for WindowsStandalone target not found
Refreshing native plugins compatible for Editor in 0.47 ms, found 0 plugins.
Preloading 0 native plugins for Editor in 0.00 ms.
Mono: successfully reloaded assembly
- Completed reload, in  1.217 seconds
Platform modules already initialized, skipping
Shader 'Universal Render Pipeline/Particles/Lit': fallback shader 'Universal Render Pipeline/Particles/SimpleLit' not found
Refreshing native plugins compatible for Editor in 0.40 ms, found 0 plugins.
Preloading 0 native plugins for Editor in 0.00 ms.
Unloading 2360 Unused Serialized files (Serialized files now loaded: 0)
System memory in use before: 127.8 MB.
System memory in use after: 128.1 MB.

Unloading 5 unused Assets to reduce memory usage. Loaded Objects now: 2975.
Total: 3.348300 ms (FindLiveObjects: 0.534200 ms CreateObjectMapping: 0.267800 ms MarkObjects: 2.517200 ms  DeleteObjects: 0.026800 ms)

========================================================================
Received Prepare
Registering precompiled user dll's ...
Registered in 0.004906 seconds.
Begin MonoManager ReloadAssembly
Native extension for WindowsStandalone target not found
Refreshing native plugins compatible for Editor in 0.41 ms, found 0 plugins.
Preloading 0 native plugins for Editor in 0.00 ms.
Mono: successfully reloaded assembly
- Completed reload, in  1.243 seconds
Platform modules already initialized, skipping
Shader 'Universal Render Pipeline/Particles/Lit': fallback shader 'Universal Render Pipeline/Particles/SimpleLit' not found
Refreshing native plugins compatible for Editor in 0.40 ms, found 0 plugins.
Preloading 0 native plugins for Editor in 0.00 ms.
Unloading 2360 Unused Serialized files (Serialized files now loaded: 0)
System memory in use before: 127.9 MB.
System memory in use after: 128.1 MB.

Unloading 5 unused Assets to reduce memory usage. Loaded Objects now: 2978.
Total: 2.254200 ms (FindLiveObjects: 0.378200 ms CreateObjectMapping: 0.091800 ms MarkObjects: 1.762300 ms  DeleteObjects: 0.019800 ms)

========================================================================
Received Prepare
Registering precompiled user dll's ...
Registered in 0.003022 seconds.
Begin MonoManager ReloadAssembly
Native extension for WindowsStandalone target not found
Refreshing native plugins compatible for Editor in 0.37 ms, found 0 plugins.
Preloading 0 native plugins for Editor in 0.00 ms.
Mono: successfully reloaded assembly
- Completed reload, in  1.205 seconds
Platform modules already initialized, skipping
Shader 'Universal Render Pipeline/Particles/Lit': fallback shader 'Universal Render Pipeline/Particles/SimpleLit' not found
Refreshing native plugins compatible for Editor in 0.38 ms, found 0 plugins.
Preloading 0 native plugins for Editor in 0.00 ms.
Unloading 2360 Unused Serialized files (Serialized files now loaded: 0)
System memory in use before: 127.8 MB.
System memory in use after: 128.0 MB.

Unloading 5 unused Assets to reduce memory usage. Loaded Objects now: 2981.
Total: 2.153500 ms (FindLiveObjects: 0.264100 ms CreateObjectMapping: 0.082900 ms MarkObjects: 1.782200 ms  DeleteObjects: 0.022300 ms)

========================================================================
Received Prepare
Registering precompiled user dll's ...
Registered in 0.003047 seconds.
Begin MonoManager ReloadAssembly
Native extension for WindowsStandalone target not found
Refreshing native plugins compatible for Editor in 0.82 ms, found 0 plugins.
Preloading 0 native plugins for Editor in 0.00 ms.
Mono: successfully reloaded assembly
- Completed reload, in  1.804 seconds
Platform modules already initialized, skipping
Shader 'Universal Render Pipeline/Particles/Lit': fallback shader 'Universal Render Pipeline/Particles/SimpleLit' not found
Refreshing native plugins compatible for Editor in 1.73 ms, found 0 plugins.
Preloading 0 native plugins for Editor in 0.00 ms.
Unloading 2360 Unused Serialized files (Serialized files now loaded: 0)
System memory in use before: 127.9 MB.
System memory in use after: 128.2 MB.

Unloading 5 unused Assets to reduce memory usage. Loaded Objects now: 2984.
Total: 7.478600 ms (FindLiveObjects: 1.101300 ms CreateObjectMapping: 0.486900 ms MarkObjects: 5.854000 ms  DeleteObjects: 0.032900 ms)

========================================================================
Received Prepare
Registering precompiled user dll's ...
Registered in 0.009019 seconds.
Begin MonoManager ReloadAssembly
Native extension for WindowsStandalone target not found
Refreshing native plugins compatible for Editor in 0.72 ms, found 0 plugins.
Preloading 0 native plugins for Editor in 0.00 ms.
Mono: successfully reloaded assembly
- Completed reload, in  1.874 seconds
Platform modules already initialized, skipping
Shader 'Universal Render Pipeline/Particles/Lit': fallback shader 'Universal Render Pipeline/Particles/SimpleLit' not found
Refreshing native plugins compatible for Editor in 1.86 ms, found 0 plugins.
Preloading 0 native plugins for Editor in 0.00 ms.
Unloading 2360 Unused Serialized files (Serialized files now loaded: 0)
System memory in use before: 128.0 MB.
System memory in use after: 128.2 MB.

Unloading 5 unused Assets to reduce memory usage. Loaded Objects now: 2987.
Total: 15.421400 ms (FindLiveObjects: 5.305200 ms CreateObjectMapping: 2.164300 ms MarkObjects: 7.910300 ms  DeleteObjects: 0.035800 ms)

========================================================================
Received Prepare
Registering precompiled user dll's ...
Registered in 0.006187 seconds.
Begin MonoManager ReloadAssembly
Native extension for WindowsStandalone target not found
Refreshing native plugins compatible for Editor in 0.77 ms, found 0 plugins.
Preloading 0 native plugins for Editor in 0.00 ms.
Mono: successfully reloaded assembly
- Completed reload, in  2.451 seconds
Platform modules already initialized, skipping
Shader 'Universal Render Pipeline/Particles/Lit': fallback shader 'Universal Render Pipeline/Particles/SimpleLit' not found
Refreshing native plugins compatible for Editor in 0.72 ms, found 0 plugins.
Preloading 0 native plugins for Editor in 0.00 ms.
Unloading 2360 Unused Serialized files (Serialized files now loaded: 0)
System memory in use before: 128.0 MB.
System memory in use after: 128.2 MB.

Unloading 5 unused Assets to reduce memory usage. Loaded Objects now: 2990.
Total: 10.191100 ms (FindLiveObjects: 1.485100 ms CreateObjectMapping: 0.399300 ms MarkObjects: 8.225300 ms  DeleteObjects: 0.062100 ms)

========================================================================
Received Prepare
Registering precompiled user dll's ...
Registered in 0.005847 seconds.
Begin MonoManager ReloadAssembly
Native extension for WindowsStandalone target not found
Refreshing native plugins compatible for Editor in 0.70 ms, found 0 plugins.
Preloading 0 native plugins for Editor in 0.00 ms.
Mono: successfully reloaded assembly
- Completed reload, in  2.579 seconds
Platform modules already initialized, skipping
Shader 'Universal Render Pipeline/Particles/Lit': fallback shader 'Universal Render Pipeline/Particles/SimpleLit' not found
Refreshing native plugins compatible for Editor in 0.65 ms, found 0 plugins.
Preloading 0 native plugins for Editor in 0.00 ms.
Unloading 2360 Unused Serialized files (Serialized files now loaded: 0)
System memory in use before: 128.0 MB.
System memory in use after: 128.3 MB.

Unloading 5 unused Assets to reduce memory usage. Loaded Objects now: 2993.
Total: 5.167100 ms (FindLiveObjects: 0.695000 ms CreateObjectMapping: 0.170600 ms MarkObjects: 4.194300 ms  DeleteObjects: 0.091900 ms)

========================================================================
Received Prepare
Registering precompiled user dll's ...
Registered in 0.006168 seconds.
Begin MonoManager ReloadAssembly
Native extension for WindowsStandalone target not found
Refreshing native plugins compatible for Editor in 0.42 ms, found 0 plugins.
Preloading 0 native plugins for Editor in 0.00 ms.
Mono: successfully reloaded assembly
- Completed reload, in  1.049 seconds
Platform modules already initialized, skipping
Shader 'Universal Render Pipeline/Particles/Lit': fallback shader 'Universal Render Pipeline/Particles/SimpleLit' not found
Refreshing native plugins compatible for Editor in 0.42 ms, found 0 plugins.
Preloading 0 native plugins for Editor in 0.00 ms.
Unloading 2360 Unused Serialized files (Serialized files now loaded: 0)
System memory in use before: 128.0 MB.
System memory in use after: 128.2 MB.

Unloading 5 unused Assets to reduce memory usage. Loaded Objects now: 2996.
Total: 2.419300 ms (FindLiveObjects: 0.232000 ms CreateObjectMapping: 0.089300 ms MarkObjects: 2.075000 ms  DeleteObjects: 0.020800 ms)

========================================================================
Received Prepare
Registering precompiled user dll's ...
Registered in 0.007881 seconds.
Begin MonoManager ReloadAssembly
Native extension for WindowsStandalone target not found
Refreshing native plugins compatible for Editor in 0.42 ms, found 0 plugins.
Preloading 0 native plugins for Editor in 0.00 ms.
Mono: successfully reloaded assembly
- Completed reload, in  2.659 seconds
Platform modules already initialized, skipping
Shader 'Universal Render Pipeline/Particles/Lit': fallback shader 'Universal Render Pipeline/Particles/SimpleLit' not found
Refreshing native plugins compatible for Editor in 0.36 ms, found 0 plugins.
Preloading 0 native plugins for Editor in 0.00 ms.
Unloading 2360 Unused Serialized files (Serialized files now loaded: 0)
System memory in use before: 128.1 MB.
System memory in use after: 128.3 MB.

Unloading 5 unused Assets to reduce memory usage. Loaded Objects now: 2999.
Total: 3.751100 ms (FindLiveObjects: 0.446900 ms CreateObjectMapping: 0.161900 ms MarkObjects: 3.107600 ms  DeleteObjects: 0.031200 ms)

========================================================================
Received Prepare
Registering precompiled user dll's ...
Registered in 0.004444 seconds.
Begin MonoManager ReloadAssembly
Native extension for WindowsStandalone target not found
Refreshing native plugins compatible for Editor in 0.35 ms, found 0 plugins.
Preloading 0 native plugins for Editor in 0.00 ms.
Mono: successfully reloaded assembly
- Completed reload, in  1.839 seconds
Platform modules already initialized, skipping
Shader 'Universal Render Pipeline/Particles/Lit': fallback shader 'Universal Render Pipeline/Particles/SimpleLit' not found
Refreshing native plugins compatible for Editor in 1.49 ms, found 0 plugins.
Preloading 0 native plugins for Editor in 0.00 ms.
Unloading 2360 Unused Serialized files (Serialized files now loaded: 0)
System memory in use before: 128.1 MB.
System memory in use after: 128.4 MB.

Unloading 5 unused Assets to reduce memory usage. Loaded Objects now: 3002.
Total: 4.314500 ms (FindLiveObjects: 0.399900 ms CreateObjectMapping: 0.174400 ms MarkObjects: 3.651900 ms  DeleteObjects: 0.086400 ms)

========================================================================
Received Prepare
Registering precompiled user dll's ...
Registered in 0.006410 seconds.
Begin MonoManager ReloadAssembly
Native extension for WindowsStandalone target not found
Refreshing native plugins compatible for Editor in 0.34 ms, found 0 plugins.
Preloading 0 native plugins for Editor in 0.00 ms.
Mono: successfully reloaded assembly
- Completed reload, in  1.435 seconds
Platform modules already initialized, skipping
Shader 'Universal Render Pipeline/Particles/Lit': fallback shader 'Universal Render Pipeline/Particles/SimpleLit' not found
Refreshing native plugins compatible for Editor in 0.35 ms, found 0 plugins.
Preloading 0 native plugins for Editor in 0.00 ms.
Unloading 2360 Unused Serialized files (Serialized files now loaded: 0)
System memory in use before: 128.2 MB.
System memory in use after: 128.4 MB.

Unloading 5 unused Assets to reduce memory usage. Loaded Objects now: 3005.
Total: 2.893000 ms (FindLiveObjects: 0.825700 ms CreateObjectMapping: 0.266500 ms MarkObjects: 1.779400 ms  DeleteObjects: 0.019700 ms)

========================================================================
Received Import Request.
  Time since last request: 2496.068041 seconds.
  path: Assets/Scripts/ResourcePile.cs
  artifactKey: Guid(0c73ebf095b3f9a4e8ed3d2eb5aa367a) Importer(815301076,1909f56bfc062723c751e8b465ee728b)
Start importing Assets/Scripts/ResourcePile.cs using Guid(0c73ebf095b3f9a4e8ed3d2eb5aa367a) Importer(815301076,1909f56bfc062723c751e8b465ee728b)  -> (artifact id: '54f41056c996584d5d6b7e06cb4b7089') in 0.030214 seconds
  Import took 0.035485 seconds .

========================================================================
Received Import Request.
  Time since last request: 4.700459 seconds.
  path: Assets/Optimization/Scenes/Optimization.unity
  artifactKey: Guid(ef9cfffec52b95d4cb2aee41633d8d76) Importer(815301076,1909f56bfc062723c751e8b465ee728b)
Start importing Assets/Optimization/Scenes/Optimization.unity using Guid(ef9cfffec52b95d4cb2aee41633d8d76) Importer(815301076,1909f56bfc062723c751e8b465ee728b)  -> (artifact id: '21bf520dd85c570007bddf4d333819f8') in 0.047222 seconds
  Import took 0.053354 seconds .

========================================================================
Received Prepare
Registering precompiled user dll's ...
Registered in 0.012362 seconds.
Begin MonoManager ReloadAssembly
Native extension for WindowsStandalone target not found
Refreshing native plugins compatible for Editor in 0.63 ms, found 0 plugins.
Preloading 0 native plugins for Editor in 0.00 ms.
Mono: successfully reloaded assembly
- Completed reload, in  2.279 seconds
Platform modules already initialized, skipping
Shader 'Universal Render Pipeline/Particles/Lit': fallback shader 'Universal Render Pipeline/Particles/SimpleLit' not found
Refreshing native plugins compatible for Editor in 0.36 ms, found 0 plugins.
Preloading 0 native plugins for Editor in 0.00 ms.
Unloading 2360 Unused Serialized files (Serialized files now loaded: 0)
System memory in use before: 128.2 MB.
System memory in use after: 128.4 MB.

Unloading 5 unused Assets to reduce memory usage. Loaded Objects now: 3008.
Total: 2.652100 ms (FindLiveObjects: 0.336200 ms CreateObjectMapping: 0.118000 ms MarkObjects: 2.153500 ms  DeleteObjects: 0.042400 ms)

========================================================================
Received Prepare
Registering precompiled user dll's ...
Registered in 0.008972 seconds.
Begin MonoManager ReloadAssembly
Native extension for WindowsStandalone target not found
Refreshing native plugins compatible for Editor in 0.43 ms, found 0 plugins.
Preloading 0 native plugins for Editor in 0.00 ms.
Mono: successfully reloaded assembly
- Completed reload, in  2.407 seconds
Platform modules already initialized, skipping
Shader 'Universal Render Pipeline/Particles/Lit': fallback shader 'Universal Render Pipeline/Particles/SimpleLit' not found
Refreshing native plugins compatible for Editor in 0.53 ms, found 0 plugins.
Preloading 0 native plugins for Editor in 0.00 ms.
Unloading 2360 Unused Serialized files (Serialized files now loaded: 0)
System memory in use before: 128.2 MB.
System memory in use after: 128.4 MB.

Unloading 5 unused Assets to reduce memory usage. Loaded Objects now: 3011.
Total: 2.698400 ms (FindLiveObjects: 0.357600 ms CreateObjectMapping: 0.072100 ms MarkObjects: 2.246800 ms  DeleteObjects: 0.019100 ms)

========================================================================
Received Import Request.
  Time since last request: 424.298773 seconds.
  path: Assets/Optimization/Scripts/OptimUnit.cs
  artifactKey: Guid(7bd4aa01157ba454d9f93a427005f1c6) Importer(815301076,1909f56bfc062723c751e8b465ee728b)
Start importing Assets/Optimization/Scripts/OptimUnit.cs using Guid(7bd4aa01157ba454d9f93a427005f1c6) Importer(815301076,1909f56bfc062723c751e8b465ee728b)  -> (artifact id: '83f59553b24144fe82c8c54b8f1f81a6') in 0.038006 seconds
  Import took 0.046415 seconds .

========================================================================
Received Import Request.
  Time since last request: 0.001187 seconds.
  path: Assets/Optimization/Scripts/OptimUnit.cs
  artifactKey: Guid(7bd4aa01157ba454d9f93a427005f1c6) Importer(815301076,1909f56bfc062723c751e8b465ee728b)
Start importing Assets/Optimization/Scripts/OptimUnit.cs using Guid(7bd4aa01157ba454d9f93a427005f1c6) Importer(815301076,1909f56bfc062723c751e8b465ee728b)  -> (artifact id: '83f59553b24144fe82c8c54b8f1f81a6') in 0.019103 seconds
  Import took 0.024388 seconds .

========================================================================
Received Prepare
Registering precompiled user dll's ...
Registered in 0.005118 seconds.
Begin MonoManager ReloadAssembly
Native extension for WindowsStandalone target not found
Refreshing native plugins compatible for Editor in 0.41 ms, found 0 plugins.
Preloading 0 native plugins for Editor in 0.00 ms.
Mono: successfully reloaded assembly
- Completed reload, in  1.678 seconds
Platform modules already initialized, skipping
Shader 'Universal Render Pipeline/Particles/Lit': fallback shader 'Universal Render Pipeline/Particles/SimpleLit' not found
Refreshing native plugins compatible for Editor in 0.42 ms, found 0 plugins.
Preloading 0 native plugins for Editor in 0.00 ms.
Unloading 2360 Unused Serialized files (Serialized files now loaded: 0)
System memory in use before: 128.3 MB.
System memory in use after: 128.5 MB.

Unloading 5 unused Assets to reduce memory usage. Loaded Objects now: 3014.
Total: 3.863000 ms (FindLiveObjects: 0.448000 ms CreateObjectMapping: 0.094500 ms MarkObjects: 3.066700 ms  DeleteObjects: 0.250400 ms)

========================================================================
Received Import Request.
  Time since last request: 251.917222 seconds.
  path: Assets/Optimization/Scripts/OptimUnit.cs
  artifactKey: Guid(7bd4aa01157ba454d9f93a427005f1c6) Importer(815301076,1909f56bfc062723c751e8b465ee728b)
Start importing Assets/Optimization/Scripts/OptimUnit.cs using Guid(7bd4aa01157ba454d9f93a427005f1c6) Importer(815301076,1909f56bfc062723c751e8b465ee728b)  -> (artifact id: '06a14fe6162c6a628c8fe13e110fb436') in 0.022718 seconds
  Import took 0.031214 seconds .

========================================================================
Received Prepare
Registering precompiled user dll's ...
Registered in 0.010470 seconds.
Begin MonoManager ReloadAssembly
Native extension for WindowsStandalone target not found
Refreshing native plugins compatible for Editor in 0.75 ms, found 0 plugins.
Preloading 0 native plugins for Editor in 0.00 ms.
Mono: successfully reloaded assembly
- Completed reload, in  2.408 seconds
Platform modules already initialized, skipping
Shader 'Universal Render Pipeline/Particles/Lit': fallback shader 'Universal Render Pipeline/Particles/SimpleLit' not found
Refreshing native plugins compatible for Editor in 0.36 ms, found 0 plugins.
Preloading 0 native plugins for Editor in 0.00 ms.
Unloading 2360 Unused Serialized files (Serialized files now loaded: 0)
System memory in use before: 128.3 MB.
System memory in use after: 128.5 MB.

Unloading 5 unused Assets to reduce memory usage. Loaded Objects now: 3017.
Total: 3.293200 ms (FindLiveObjects: 0.226000 ms CreateObjectMapping: 0.099800 ms MarkObjects: 2.939000 ms  DeleteObjects: 0.027100 ms)

========================================================================
Received Prepare
Registering precompiled user dll's ...
Registered in 0.006744 seconds.
Begin MonoManager ReloadAssembly
Native extension for WindowsStandalone target not found
Refreshing native plugins compatible for Editor in 0.41 ms, found 0 plugins.
Preloading 0 native plugins for Editor in 0.00 ms.
Mono: successfully reloaded assembly
- Completed reload, in  1.813 seconds
Platform modules already initialized, skipping
Shader 'Universal Render Pipeline/Particles/Lit': fallback shader 'Universal Render Pipeline/Particles/SimpleLit' not found
Refreshing native plugins compatible for Editor in 0.42 ms, found 0 plugins.
Preloading 0 native plugins for Editor in 0.00 ms.
Unloading 2360 Unused Serialized files (Serialized files now loaded: 0)
System memory in use before: 128.3 MB.
System memory in use after: 128.6 MB.

Unloading 5 unused Assets to reduce memory usage. Loaded Objects now: 3020.
Total: 5.442500 ms (FindLiveObjects: 0.531200 ms CreateObjectMapping: 0.237400 ms MarkObjects: 4.625900 ms  DeleteObjects: 0.040500 ms)

========================================================================
Received Import Request.
  Time since last request: 167.474955 seconds.
  path: Assets/Optimization/Scripts/OptimUnit.cs
  artifactKey: Guid(7bd4aa01157ba454d9f93a427005f1c6) Importer(815301076,1909f56bfc062723c751e8b465ee728b)
Start importing Assets/Optimization/Scripts/OptimUnit.cs using Guid(7bd4aa01157ba454d9f93a427005f1c6) Importer(815301076,1909f56bfc062723c751e8b465ee728b)  -> (artifact id: '893876bd22daa2414128f43f564ed943') in 0.028282 seconds
  Import took 0.034938 seconds .

========================================================================
Received Prepare
Registering precompiled user dll's ...
Registered in 0.007026 seconds.
Begin MonoManager ReloadAssembly
Native extension for WindowsStandalone target not found
Refreshing native plugins compatible for Editor in 0.41 ms, found 0 plugins.
Preloading 0 native plugins for Editor in 0.00 ms.
Mono: successfully reloaded assembly
- Completed reload, in  2.680 seconds
Platform modules already initialized, skipping
Shader 'Universal Render Pipeline/Particles/Lit': fallback shader 'Universal Render Pipeline/Particles/SimpleLit' not found
Refreshing native plugins compatible for Editor in 0.45 ms, found 0 plugins.
Preloading 0 native plugins for Editor in 0.00 ms.
Unloading 2360 Unused Serialized files (Serialized files now loaded: 0)
System memory in use before: 128.4 MB.
System memory in use after: 128.6 MB.

Unloading 5 unused Assets to reduce memory usage. Loaded Objects now: 3023.
Total: 3.883200 ms (FindLiveObjects: 0.621000 ms CreateObjectMapping: 0.266200 ms MarkObjects: 2.969000 ms  DeleteObjects: 0.024900 ms)

AssetImportWorkerClient::OnTransportError - code=2 error=End of file
